
HKEY_CURRENT_USER\Software\Microsoft\Windows\CurrentVersion\Explorer\User Shell Folders
    AppData    REG_EXPAND_SZ    %USERPROFILE%\AppData\Roaming
    Cache    REG_EXPAND_SZ    %USERPROFILE%\AppData\Local\Microsoft\Windows\INetCache
    Cookies    REG_EXPAND_SZ    %USERPROFILE%\AppData\Local\Microsoft\Windows\INetCookies
    Desktop    REG_EXPAND_SZ    %USERPROFILE%\Desktop
    Favorites    REG_EXPAND_SZ    %USERPROFILE%\Favorites
    History    REG_EXPAND_SZ    %USERPROFILE%\AppData\Local\Microsoft\Windows\History
    Local AppData    REG_EXPAND_SZ    %USERPROFILE%\AppData\Local
    My Music    REG_EXPAND_SZ    %USERPROFILE%\Music
    My Pictures    REG_EXPAND_SZ    %USERPROFILE%\Pictures
    My Video    REG_EXPAND_SZ    %USERPROFILE%\Videos
    NetHood    REG_EXPAND_SZ    %USERPROFILE%\AppData\Roaming\Microsoft\Windows\Network Shortcuts
    Personal    REG_EXPAND_SZ    %USERPROFILE%\Documents
    PrintHood    REG_EXPAND_SZ    %USERPROFILE%\AppData\Roaming\Microsoft\Windows\Printer Shortcuts
    Programs    REG_EXPAND_SZ    %USERPROFILE%\AppData\Roaming\Microsoft\Windows\Start Menu\Programs
    Recent    REG_EXPAND_SZ    %USERPROFILE%\AppData\Roaming\Microsoft\Windows\Recent
    SendTo    REG_EXPAND_SZ    %USERPROFILE%\AppData\Roaming\Microsoft\Windows\SendTo
    Start Menu    REG_EXPAND_SZ    %USERPROFILE%\AppData\Roaming\Microsoft\Windows\Start Menu
    Startup    REG_EXPAND_SZ    %USERPROFILE%\AppData\Roaming\Microsoft\Windows\Start Menu\Programs\Startup
    Templates    REG_EXPAND_SZ    %USERPROFILE%\AppData\Roaming\Microsoft\Windows\Templates
    {374DE290-123F-4565-9164-39C4925E467B}    REG_EXPAND_SZ    %USERPROFILE%\Downloads

